Flutter crash report.
Please report a bug at https://github.com/flutter/flutter/issues.

## command

flutter run --machine --start-paused -d 3f4ad518 --devtools-server-address http://127.0.0.1:9100/ --target lib\main.dart

## exception

FileSystemException: FileSystemException: Cannot open file, path = 'H:\flutter2\liste\windows\flutter\generated_plugin_registrant.h' (OS Error: Le processus ne peut pas accéder au fichier car ce fichier est utilisé par un autre processus.
, errno = 32)

```
#0      _File.throwIfError (dart:io/file_impl.dart:635:7)
#1      _File.openSync (dart:io/file_impl.dart:479:5)
#2      _File.writeAsBytesSync (dart:io/file_impl.dart:604:31)
#3      _File.writeAsStringSync (dart:io/file_impl.dart:628:5)
#4      ForwardingFile.writeAsStringSync (package:file/src/forwarding/forwarding_file.dart:147:16)
#5      ErrorHandlingFile.writeAsStringSync.<anonymous closure> (package:flutter_tools/src/base/error_handling_io.dart:271:22)
#6      _runSync (package:flutter_tools/src/base/error_handling_io.dart:597:14)
#7      ErrorHandlingFile.writeAsStringSync (package:flutter_tools/src/base/error_handling_io.dart:270:5)
#8      _renderTemplateToFile (package:flutter_tools/src/flutter_plugins.dart:33:8)
#9      _writeCppPluginRegistrant (package:flutter_tools/src/flutter_plugins.dart:936:3)
#10     writeWindowsPluginFiles (package:flutter_tools/src/flutter_plugins.dart:931:9)
#11     injectPlugins (package:flutter_tools/src/flutter_plugins.dart:1164:11)
<asynchronous suspension>
#12     FlutterProject.ensureReadyForPlatformSpecificTooling (package:flutter_tools/src/project.dart:369:5)
<asynchronous suspension>
#13     FlutterCommand.verifyThenRunCommand (package:flutter_tools/src/runner/flutter_command.dart:1360:7)
<asynchronous suspension>
#14     FlutterCommand.run.<anonymous closure> (package:flutter_tools/src/runner/flutter_command.dart:1209:27)
<asynchronous suspension>
#15     AppContext.run.<anonymous closure> (package:flutter_tools/src/base/context.dart:150:19)
<asynchronous suspension>
#16     CommandRunner.runCommand (package:args/command_runner.dart:209:13)
<asynchronous suspension>
#17     FlutterCommandRunner.runCommand.<anonymous closure> (package:flutter_tools/src/runner/flutter_command_runner.dart:281:9)
<asynchronous suspension>
#18     AppContext.run.<anonymous closure> (package:flutter_tools/src/base/context.dart:150:19)
<asynchronous suspension>
#19     FlutterCommandRunner.runCommand (package:flutter_tools/src/runner/flutter_command_runner.dart:229:5)
<asynchronous suspension>
#20     run.<anonymous closure>.<anonymous closure> (package:flutter_tools/runner.dart:62:9)
<asynchronous suspension>
#21     AppContext.run.<anonymous closure> (package:flutter_tools/src/base/context.dart:150:19)
<asynchronous suspension>
#22     main (package:flutter_tools/executable.dart:91:3)
<asynchronous suspension>
```

## flutter doctor

```
[✓] Flutter (Channel stable, 3.3.9, on Microsoft Windows [version 10.0.19044.1645], locale fr-FR)
    • Flutter version 3.3.9 on channel stable at C:\flutter
    • Upstream repository https://github.com/flutter/flutter.git
    • Framework revision b8f7f1f986 (12 days ago), 2022-11-23 06:43:51 +0900
    • Engine revision 8f2221fbef
    • Dart version 2.18.5
    • DevTools version 2.15.0

[☠] Android toolchain - develop for Android devices (the doctor check crashed)
    ✗ Due to an error, the doctor check did not complete. If the error message below is not helpful, please let us know about this issue at https://github.com/flutter/flutter/issues.
    ✗ Exception: Android toolchain - develop for Android devices exceeded maximum allowed duration of 0:10:00.000000
    • 

[✓] Chrome - develop for the web
    • Chrome at C:\Program Files\Google\Chrome\Application\chrome.exe

[✓] Visual Studio - develop for Windows (Visual Studio Build Tools 2019 16.11.10)
    • Visual Studio at C:\Program Files (x86)\Microsoft Visual Studio\2019\BuildTools
    • Visual Studio Build Tools 2019 version 16.11.32126.315
    • Windows 10 SDK version 10.0.19041.0

[✓] Android Studio (version 2021.3)
    • Android Studio at C:\Program Files\Android\Android Studio
    • Flutter plugin can be installed from:
      🔨 https://plugins.jetbrains.com/plugin/9212-flutter
    • Dart plugin can be installed from:
      🔨 https://plugins.jetbrains.com/plugin/6351-dart
    • Java version OpenJDK Runtime Environment (build 11.0.11+9-b60-7590822)

[✓] VS Code (version 1.71.2)
    • VS Code at C:\Users\Missaoui\AppData\Local\Programs\Microsoft VS Code
    • Flutter extension version 3.54.0

[✓] Connected device (4 available)
    • 2201117TG (mobile) • 3f4ad518 • android-arm64  • Android 11 (API 30)
    • Windows (desktop)  • windows  • windows-x64    • Microsoft Windows [version 10.0.19044.1645]
    • Chrome (web)       • chrome   • web-javascript • Google Chrome 108.0.5359.73
    • Edge (web)         • edge     • web-javascript • Microsoft Edge 105.0.1343.42

[✓] HTTP Host Availability
    • All required HTTP hosts are available

! Doctor found issues in 1 category.
```
